c:\users\16577\desktop\distrib\release\vc143.pdb
c:\users\16577\desktop\distrib\release\vector4f.obj
c:\users\16577\desktop\distrib\release\vector3f.obj
c:\users\16577\desktop\distrib\release\vector2f.obj
c:\users\16577\desktop\distrib\release\quat4f.obj
c:\users\16577\desktop\distrib\release\matrix4f.obj
c:\users\16577\desktop\distrib\release\matrix3f.obj
c:\users\16577\desktop\distrib\release\matrix2f.obj
c:\users\16577\desktop\distrib\release\surf.obj
c:\users\16577\desktop\distrib\release\parse.obj
c:\users\16577\desktop\distrib\release\main.obj
c:\users\16577\desktop\distrib\release\curve.obj
c:\users\16577\desktop\distrib\release\camera.obj
c:\users\16577\desktop\distrib\release\one.exe
c:\users\16577\desktop\distrib\release\one.pdb
c:\users\16577\desktop\distrib\release\one.tlog\cl.command.1.tlog
c:\users\16577\desktop\distrib\release\one.tlog\cl.read.1.tlog
c:\users\16577\desktop\distrib\release\one.tlog\cl.write.1.tlog
c:\users\16577\desktop\distrib\release\one.tlog\link.command.1.tlog
c:\users\16577\desktop\distrib\release\one.tlog\link.read.1.tlog
c:\users\16577\desktop\distrib\release\one.tlog\link.write.1.tlog
